2019-04-17 09:39:26  [ main:1 ] - [ DEBUG ]  sdsd
2019-04-17 09:39:26  [ main:494 ] - [ DEBUG ]  Couldn't find template in cache for "index.ftl"("en", UTF-8, parsed); will try to load it.
2019-04-17 09:39:26  [ main:496 ] - [ DEBUG ]  TemplateLoader.findTemplateSource("index_en.ftl"): Not found
2019-04-17 09:39:26  [ main:498 ] - [ DEBUG ]  TemplateLoader.findTemplateSource("index.ftl"): Found
2019-04-17 09:39:26  [ main:499 ] - [ DEBUG ]  Loading template for "index.ftl"("en", UTF-8, parsed) from "jar:file:/D:/workSoftware/developSoftware/maven/apache-maven-3.5.2-bin/apache-maven-3.5.2/repositorys/com/aventstack/extentreports/3.0.6/extentreports-3.0.6.jar!/com/aventstack/extentreports/view/html-report/index.ftl"
2019-04-17 09:39:27  [ main:1194 ] - [ DEBUG ]  Couldn't find template in cache for "head.ftl"("en", UTF-8, parsed); will try to load it.
2019-04-17 09:39:27  [ main:1197 ] - [ DEBUG ]  TemplateLoader.findTemplateSource("head_en.ftl"): Not found
2019-04-17 09:39:27  [ main:1201 ] - [ DEBUG ]  TemplateLoader.findTemplateSource("head.ftl"): Found
2019-04-17 09:39:27  [ main:1202 ] - [ DEBUG ]  Loading template for "head.ftl"("en", UTF-8, parsed) from "jar:file:/D:/workSoftware/developSoftware/maven/apache-maven-3.5.2-bin/apache-maven-3.5.2/repositorys/com/aventstack/extentreports/3.0.6/extentreports-3.0.6.jar!/com/aventstack/extentreports/view/html-report/head.ftl"
2019-04-17 09:39:27  [ main:1211 ] - [ DEBUG ]  Couldn't find template in cache for "nav.ftl"("en", UTF-8, parsed); will try to load it.
2019-04-17 09:39:27  [ main:1212 ] - [ DEBUG ]  TemplateLoader.findTemplateSource("nav_en.ftl"): Not found
2019-04-17 09:39:27  [ main:1213 ] - [ DEBUG ]  TemplateLoader.findTemplateSource("nav.ftl"): Found
2019-04-17 09:39:27  [ main:1215 ] - [ DEBUG ]  Loading template for "nav.ftl"("en", UTF-8, parsed) from "jar:file:/D:/workSoftware/developSoftware/maven/apache-maven-3.5.2-bin/apache-maven-3.5.2/repositorys/com/aventstack/extentreports/3.0.6/extentreports-3.0.6.jar!/com/aventstack/extentreports/view/html-report/nav.ftl"
2019-04-17 09:39:27  [ main:1225 ] - [ DEBUG ]  Couldn't find template in cache for "test-view/test-view.ftl"("en", UTF-8, parsed); will try to load it.
2019-04-17 09:39:27  [ main:1226 ] - [ DEBUG ]  TemplateLoader.findTemplateSource("test-view/test-view_en.ftl"): Not found
2019-04-17 09:39:27  [ main:1226 ] - [ DEBUG ]  TemplateLoader.findTemplateSource("test-view/test-view.ftl"): Found
2019-04-17 09:39:27  [ main:1231 ] - [ DEBUG ]  Loading template for "test-view/test-view.ftl"("en", UTF-8, parsed) from "jar:file:/D:/workSoftware/developSoftware/maven/apache-maven-3.5.2-bin/apache-maven-3.5.2/repositorys/com/aventstack/extentreports/3.0.6/extentreports-3.0.6.jar!/com/aventstack/extentreports/view/html-report/test-view/test-view.ftl"
2019-04-17 09:39:27  [ main:1255 ] - [ DEBUG ]  Couldn't find template in cache for "test-view/test-view-charts.ftl"("en", UTF-8, parsed); will try to load it.
2019-04-17 09:39:27  [ main:1256 ] - [ DEBUG ]  TemplateLoader.findTemplateSource("test-view/test-view-charts_en.ftl"): Not found
2019-04-17 09:39:27  [ main:1257 ] - [ DEBUG ]  TemplateLoader.findTemplateSource("test-view/test-view-charts.ftl"): Found
2019-04-17 09:39:27  [ main:1257 ] - [ DEBUG ]  Loading template for "test-view/test-view-charts.ftl"("en", UTF-8, parsed) from "jar:file:/D:/workSoftware/developSoftware/maven/apache-maven-3.5.2-bin/apache-maven-3.5.2/repositorys/com/aventstack/extentreports/3.0.6/extentreports-3.0.6.jar!/com/aventstack/extentreports/view/html-report/test-view/test-view-charts.ftl"
2019-04-17 09:39:27  [ main:1273 ] - [ DEBUG ]  Couldn't find template in cache for "test-view/standard.ftl"("en", UTF-8, parsed); will try to load it.
2019-04-17 09:39:27  [ main:1273 ] - [ DEBUG ]  TemplateLoader.findTemplateSource("test-view/standard_en.ftl"): Not found
2019-04-17 09:39:27  [ main:1274 ] - [ DEBUG ]  TemplateLoader.findTemplateSource("test-view/standard.ftl"): Found
2019-04-17 09:39:27  [ main:1274 ] - [ DEBUG ]  Loading template for "test-view/standard.ftl"("en", UTF-8, parsed) from "jar:file:/D:/workSoftware/developSoftware/maven/apache-maven-3.5.2-bin/apache-maven-3.5.2/repositorys/com/aventstack/extentreports/3.0.6/extentreports-3.0.6.jar!/com/aventstack/extentreports/view/html-report/test-view/standard.ftl"
2019-04-17 09:39:27  [ main:1293 ] - [ DEBUG ]  Couldn't find template in cache for "category-view/category-view.ftl"("en", UTF-8, parsed); will try to load it.
2019-04-17 09:39:27  [ main:1293 ] - [ DEBUG ]  TemplateLoader.findTemplateSource("category-view/category-view_en.ftl"): Not found
2019-04-17 09:39:27  [ main:1294 ] - [ DEBUG ]  TemplateLoader.findTemplateSource("category-view/category-view.ftl"): Found
2019-04-17 09:39:27  [ main:1295 ] - [ DEBUG ]  Loading template for "category-view/category-view.ftl"("en", UTF-8, parsed) from "jar:file:/D:/workSoftware/developSoftware/maven/apache-maven-3.5.2-bin/apache-maven-3.5.2/repositorys/com/aventstack/extentreports/3.0.6/extentreports-3.0.6.jar!/com/aventstack/extentreports/view/html-report/category-view/category-view.ftl"
2019-04-17 09:39:27  [ main:1301 ] - [ DEBUG ]  Couldn't find template in cache for "author-view/author-view.ftl"("en", UTF-8, parsed); will try to load it.
2019-04-17 09:39:27  [ main:1302 ] - [ DEBUG ]  TemplateLoader.findTemplateSource("author-view/author-view_en.ftl"): Not found
2019-04-17 09:39:27  [ main:1303 ] - [ DEBUG ]  TemplateLoader.findTemplateSource("author-view/author-view.ftl"): Found
2019-04-17 09:39:27  [ main:1304 ] - [ DEBUG ]  Loading template for "author-view/author-view.ftl"("en", UTF-8, parsed) from "jar:file:/D:/workSoftware/developSoftware/maven/apache-maven-3.5.2-bin/apache-maven-3.5.2/repositorys/com/aventstack/extentreports/3.0.6/extentreports-3.0.6.jar!/com/aventstack/extentreports/view/html-report/author-view/author-view.ftl"
2019-04-17 09:39:27  [ main:1320 ] - [ DEBUG ]  Couldn't find template in cache for "exception-view/exception-view.ftl"("en", UTF-8, parsed); will try to load it.
2019-04-17 09:39:27  [ main:1320 ] - [ DEBUG ]  TemplateLoader.findTemplateSource("exception-view/exception-view_en.ftl"): Not found
2019-04-17 09:39:27  [ main:1321 ] - [ DEBUG ]  TemplateLoader.findTemplateSource("exception-view/exception-view.ftl"): Found
2019-04-17 09:39:27  [ main:1322 ] - [ DEBUG ]  Loading template for "exception-view/exception-view.ftl"("en", UTF-8, parsed) from "jar:file:/D:/workSoftware/developSoftware/maven/apache-maven-3.5.2-bin/apache-maven-3.5.2/repositorys/com/aventstack/extentreports/3.0.6/extentreports-3.0.6.jar!/com/aventstack/extentreports/view/html-report/exception-view/exception-view.ftl"
2019-04-17 09:39:27  [ main:1334 ] - [ DEBUG ]  Couldn't find template in cache for "dashboard-view/dashboard-view.ftl"("en", UTF-8, parsed); will try to load it.
2019-04-17 09:39:27  [ main:1335 ] - [ DEBUG ]  TemplateLoader.findTemplateSource("dashboard-view/dashboard-view_en.ftl"): Not found
2019-04-17 09:39:27  [ main:1336 ] - [ DEBUG ]  TemplateLoader.findTemplateSource("dashboard-view/dashboard-view.ftl"): Found
2019-04-17 09:39:27  [ main:1336 ] - [ DEBUG ]  Loading template for "dashboard-view/dashboard-view.ftl"("en", UTF-8, parsed) from "jar:file:/D:/workSoftware/developSoftware/maven/apache-maven-3.5.2-bin/apache-maven-3.5.2/repositorys/com/aventstack/extentreports/3.0.6/extentreports-3.0.6.jar!/com/aventstack/extentreports/view/html-report/dashboard-view/dashboard-view.ftl"
2019-04-17 09:39:27  [ main:1345 ] - [ DEBUG ]  Couldn't find template in cache for "logs-view/testrunner-logs-view.ftl"("en", UTF-8, parsed); will try to load it.
2019-04-17 09:39:27  [ main:1346 ] - [ DEBUG ]  TemplateLoader.findTemplateSource("logs-view/testrunner-logs-view_en.ftl"): Not found
2019-04-17 09:39:27  [ main:1346 ] - [ DEBUG ]  TemplateLoader.findTemplateSource("logs-view/testrunner-logs-view.ftl"): Found
2019-04-17 09:39:27  [ main:1347 ] - [ DEBUG ]  Loading template for "logs-view/testrunner-logs-view.ftl"("en", UTF-8, parsed) from "jar:file:/D:/workSoftware/developSoftware/maven/apache-maven-3.5.2-bin/apache-maven-3.5.2/repositorys/com/aventstack/extentreports/3.0.6/extentreports-3.0.6.jar!/com/aventstack/extentreports/view/html-report/logs-view/testrunner-logs-view.ftl"
